Using pre-set license
Built from '2021.3/staging' branch; Version is '2021.3.16f1 (4016570cf34f) revision 4200023'; Using compiler version '192829333'; Build Type 'Release'
OS: 'Windows 11  (10.0.22621) 64bit Professional' Language: 'en' Physical Memory: 24253 MB
BatchMode: 1, IsHumanControllingUs: 0, StartBugReporterOnCrash: 0, Is64bit: 1, IsPro: 1

COMMAND LINE ARGUMENTS:
C:\Program Files\Unity\Hub\Editor\2021.3.16f1\Editor\Unity.exe
-adb2
-batchMode
-noUpm
-name
AssetImportWorker0
-projectPath
C:/Users/astro/Github/Polygon-Defense/Polygon Defense
-logFile
Logs/AssetImportWorker0.log
-srvPort
61736
Successfully changed project path to: C:/Users/astro/Github/Polygon-Defense/Polygon Defense
C:/Users/astro/Github/Polygon-Defense/Polygon Defense
[UnityMemory] Configuration Parameters - Can be set up in boot.config
    "memorysetup-bucket-allocator-granularity=16"
    "memorysetup-bucket-allocator-bucket-count=8"
    "memorysetup-bucket-allocator-block-size=33554432"
    "memorysetup-bucket-allocator-block-count=8"
    "memorysetup-main-allocator-block-size=16777216"
    "memorysetup-thread-allocator-block-size=16777216"
    "memorysetup-gfx-main-allocator-block-size=16777216"
    "memorysetup-gfx-thread-allocator-block-size=16777216"
    "memorysetup-cache-allocator-block-size=4194304"
    "memorysetup-typetree-allocator-block-size=2097152"
    "memorysetup-profiler-bucket-allocator-granularity=16"
    "memorysetup-profiler-bucket-allocator-bucket-count=8"
    "memorysetup-profiler-bucket-allocator-block-size=33554432"
    "memorysetup-profiler-bucket-allocator-block-count=8"
    "memorysetup-profiler-allocator-block-size=16777216"
    "memorysetup-profiler-editor-allocator-block-size=1048576"
    "memorysetup-temp-allocator-size-main=16777216"
    "memorysetup-job-temp-allocator-block-size=2097152"
    "memorysetup-job-temp-allocator-block-size-background=1048576"
    "memorysetup-job-temp-allocator-reduction-small-platforms=262144"
    "memorysetup-temp-allocator-size-background-worker=32768"
    "memorysetup-temp-allocator-size-job-worker=262144"
    "memorysetup-temp-allocator-size-preload-manager=33554432"
    "memorysetup-temp-allocator-size-nav-mesh-worker=65536"
    "memorysetup-temp-allocator-size-audio-worker=65536"
    "memorysetup-temp-allocator-size-cloud-worker=32768"
    "memorysetup-temp-allocator-size-gi-baking-worker=262144"
    "memorysetup-temp-allocator-size-gfx=262144"
Player connection [11612] Host "[IP] 192.168.56.1 [Port] 0 [Flags] 2 [Guid] 1793329375 [EditorId] 1793329375 [Version] 1048832 [Id] WindowsEditor(7,Titan) [Debug] 1 [PackageName] WindowsEditor [ProjectName] Editor" joined multi-casting on [225.0.0.222:54997]...

Player connection [11612] Host "[IP] 192.168.56.1 [Port] 0 [Flags] 2 [Guid] 1793329375 [EditorId] 1793329375 [Version] 1048832 [Id] WindowsEditor(7,Titan) [Debug] 1 [PackageName] WindowsEditor [ProjectName] Editor" joined alternative multi-casting on [225.0.0.222:34997]...

Refreshing native plugins compatible for Editor in 67.54 ms, found 3 plugins.
Preloading 0 native plugins for Editor in 0.00 ms.
Initialize engine version: 2021.3.16f1 (4016570cf34f)
[Subsystems] Discovering subsystems at path C:/Program Files/Unity/Hub/Editor/2021.3.16f1/Editor/Data/Resources/UnitySubsystems
[Subsystems] Discovering subsystems at path C:/Users/astro/Github/Polygon-Defense/Polygon Defense/Assets
GfxDevice: creating device client; threaded=0; jobified=0
Direct3D:
    Version:  Direct3D 11.0 [level 11.1]
    Renderer: NVIDIA GeForce RTX 3060 Laptop GPU (ID=0x2520)
    Vendor:   NVIDIA
    VRAM:     6009 MB
    Driver:   31.0.15.2756
Initialize mono
Mono path[0] = 'C:/Program Files/Unity/Hub/Editor/2021.3.16f1/Editor/Data/Managed'
Mono path[1] = 'C:/Program Files/Unity/Hub/Editor/2021.3.16f1/Editor/Data/MonoBleedingEdge/lib/mono/unityjit-win32'
Mono config path = 'C:/Program Files/Unity/Hub/Editor/2021.3.16f1/Editor/Data/MonoBleedingEdge/etc'
Using monoOptions --debugger-agent=transport=dt_socket,embedding=1,server=y,suspend=n,address=127.0.0.1:56384
Begin MonoManager ReloadAssembly
Registering precompiled unity dll's ...
Register platform support module: C:/Program Files/Unity/Hub/Editor/2021.3.16f1/Editor/Data/PlaybackEngines/WebGLSupport/UnityEditor.WebGL.Extensions.dll
Register platform support module: C:/Program Files/Unity/Hub/Editor/2021.3.16f1/Editor/Data/PlaybackEngines/MacStandaloneSupport/UnityEditor.OSXStandalone.Extensions.dll
Register platform support module: C:/Program Files/Unity/Hub/Editor/2021.3.16f1/Editor/Data/PlaybackEngines/AndroidPlayer/UnityEditor.Android.Extensions.dll
Register platform support module: C:/Program Files/Unity/Hub/Editor/2021.3.16f1/Editor/Data/PlaybackEngines/iOSSupport/UnityEditor.iOS.Extensions.dll
Register platform support module: C:/Program Files/Unity/Hub/Editor/2021.3.16f1/Editor/Data/PlaybackEngines/AppleTVSupport/UnityEditor.AppleTV.Extensions.dll
Register platform support module: C:/Program Files/Unity/Hub/Editor/2021.3.16f1/Editor/Data/PlaybackEngines/WindowsStandaloneSupport/UnityEditor.WindowsStandalone.Extensions.dll
Register platform support module: C:/Program Files/Unity/Hub/Editor/2021.3.16f1/Editor/Data/PlaybackEngines/LinuxStandaloneSupport/UnityEditor.LinuxStandalone.Extensions.dll
Register platform support module: C:/Program Files/Unity/Hub/Editor/2021.3.16f1/Editor/Data/PlaybackEngines/MetroSupport/UnityEditor.UWP.Extensions.dll
Registered in 0.007206 seconds.
Native extension for UWP target not found
Native extension for LinuxStandalone target not found
Native extension for WindowsStandalone target not found
[usbmuxd] Start listen thread
[usbmuxd] Listen thread started
Native extension for AppleTV target not found
[usbmuxd] Start listen thread
[usbmuxd] Listen thread started
Native extension for iOS target not found
Native extension for Android target not found
Native extension for OSXStandalone target not found
Native extension for WebGL target not found
Refreshing native plugins compatible for Editor in 72.08 ms, found 3 plugins.
Preloading 0 native plugins for Editor in 0.00 ms.
Mono: successfully reloaded assembly
- Completed reload, in  0.555 seconds
Domain Reload Profiling:
	ReloadAssembly (556ms)
		BeginReloadAssembly (59ms)
			ExecutionOrderSort (0ms)
			DisableScriptedObjects (0ms)
			BackupInstance (0ms)
			ReleaseScriptingObjects (0ms)
			CreateAndSetChildDomain (1ms)
		EndReloadAssembly (406ms)
			LoadAssemblies (59ms)
			RebuildTransferFunctionScriptingTraits (0ms)
			SetupTypeCache (95ms)
			ReleaseScriptCaches (0ms)
			RebuildScriptCaches (23ms)
			SetupLoadedEditorAssemblies (244ms)
				LogAssemblyErrors (0ms)
				InitializePlatformSupportModulesInManaged (61ms)
				SetLoadedEditorAssemblies (0ms)
				RefreshPlugins (72ms)
				BeforeProcessingInitializeOnLoad (1ms)
				ProcessInitializeOnLoadAttributes (74ms)
				ProcessInitializeOnLoadMethodAttributes (36ms)
				AfterProcessingInitializeOnLoad (0ms)
				EditorAssembliesLoaded (0ms)
			ExecutionOrderSort2 (0ms)
			AwakeInstancesAfterBackupRestoration (0ms)
Platform modules already initialized, skipping
Registering precompiled user dll's ...
Registered in 0.004048 seconds.
Begin MonoManager ReloadAssembly
Symbol file LoadedFromMemory doesn't match image C:\Users\astro\Github\Polygon-Defense\Polygon Defense\Library\PackageCache\com.unity.visualscripting@1.7.8\Editor\VisualScripting.Core\Dependencies\YamlDotNet\Unity.VisualScripting.YamlDotNet.dll
Symbol file LoadedFromMemory doesn't match image C:\Users\astro\Github\Polygon-Defense\Polygon Defense\Library\PackageCache\com.unity.visualscripting@1.7.8\Editor\VisualScripting.Core\Dependencies\DotNetZip\Unity.VisualScripting.IonicZip.dll
Native extension for UWP target not found
Native extension for LinuxStandalone target not found
Native extension for WindowsStandalone target not found
Native extension for AppleTV target not found
Native extension for iOS target not found
Native extension for Android target not found
Native extension for OSXStandalone target not found
Native extension for WebGL target not found
Refreshing native plugins compatible for Editor in 0.97 ms, found 3 plugins.
Preloading 0 native plugins for Editor in 0.00 ms.
Mono: successfully reloaded assembly
- Completed reload, in  1.063 seconds
Domain Reload Profiling:
	ReloadAssembly (1063ms)
		BeginReloadAssembly (203ms)
			ExecutionOrderSort (0ms)
			DisableScriptedObjects (4ms)
			BackupInstance (0ms)
			ReleaseScriptingObjects (0ms)
			CreateAndSetChildDomain (135ms)
		EndReloadAssembly (762ms)
			LoadAssemblies (75ms)
			RebuildTransferFunctionScriptingTraits (0ms)
			SetupTypeCache (239ms)
			ReleaseScriptCaches (1ms)
			RebuildScriptCaches (44ms)
			SetupLoadedEditorAssemblies (366ms)
				LogAssemblyErrors (0ms)
				InitializePlatformSupportModulesInManaged (27ms)
				SetLoadedEditorAssemblies (1ms)
				RefreshPlugins (1ms)
				BeforeProcessingInitializeOnLoad (74ms)
				ProcessInitializeOnLoadAttributes (239ms)
				ProcessInitializeOnLoadMethodAttributes (18ms)
				AfterProcessingInitializeOnLoad (5ms)
				EditorAssembliesLoaded (0ms)
			ExecutionOrderSort2 (0ms)
			AwakeInstancesAfterBackupRestoration (5ms)
Platform modules already initialized, skipping
========================================================================
Worker process is ready to serve import requests
Launched and connected shader compiler UnityShaderCompiler.exe after 0.04 seconds
Refreshing native plugins compatible for Editor in 0.64 ms, found 3 plugins.
Preloading 0 native plugins for Editor in 0.00 ms.
Unloading 3372 Unused Serialized files (Serialized files now loaded: 0)
Unloading 27 unused Assets / (113.8 KB). Loaded Objects now: 3831.
Memory consumption went from 124.5 MB to 124.4 MB.
Total: 2.878700 ms (FindLiveObjects: 0.293600 ms CreateObjectMapping: 0.096700 ms MarkObjects: 2.371900 ms  DeleteObjects: 0.115500 ms)

AssetImportParameters requested are different than current active one (requested -> active):
  custom:video-decoder-ogg-theora: a1e56fd34408186e4bbccfd4996cb3dc -> 
  custom:container-muxer-webm: aa71ff27fc2769a1b78a27578f13a17b -> 
  custom:container-demuxer-webm: 4f35f7cbe854078d1ac9338744f61a02 -> 
  custom:video-encoder-webm-vp8: eb34c28f22e8b96e1ab97ce403110664 -> 
  custom:video-codec-MediaFoundation-h265: 746d11721c4dcdbdad8f713fa42b33f4 -> 
  custom:audio-encoder-webm-vorbis: bf7c407c2cedff20999df2af8eb42d56 -> 
  custom:framework-win-MediaFoundation: 216162199b28c13a410421893ffa2e32 -> 
  custom:container-demuxer-ogg: 62fdf1f143b41e24485cea50d1cbac27 -> 
  custom:video-decoder-webm-vp8: 9c59270c3fd7afecdb556c50c9e8de78 -> 
  custom:audio-decoder-ogg-vorbis: bf7c407c2cedff20999df2af8eb42d56 -> 
========================================================================
Received Import Request.
  Time since last request: 52819.475616 seconds.
  path: Assets/Fonts
  artifactKey: Guid(3b509e651d144e74fb3ffb737b2baf55) Importer(815301076,1909f56bfc062723c751e8b465ee728b)
Start importing Assets/Fonts using Guid(3b509e651d144e74fb3ffb737b2baf55) Importer(815301076,1909f56bfc062723c751e8b465ee728b)  -> (artifact id: 'eb8366001490a4d08719aab57b23ab8d') in 0.011063 seconds 
========================================================================
Received Import Request.
  Time since last request: 109.657673 seconds.
  path: Assets/Fonts/Roboto Mono
  artifactKey: Guid(36b9f2995c95f224ab6e2a9f87a575cb) Importer(815301076,1909f56bfc062723c751e8b465ee728b)
Start importing Assets/Fonts/Roboto Mono using Guid(36b9f2995c95f224ab6e2a9f87a575cb) Importer(815301076,1909f56bfc062723c751e8b465ee728b)  -> (artifact id: '4e4a9a4b67d56d2d487717710a5a7338') in 0.005530 seconds 
========================================================================
Received Import Request.
  Time since last request: 34.399955 seconds.
  path: Assets/Fonts/Roboto Mono/RobotoMono-Italic-VariableFont_wght.ttf
  artifactKey: Guid(0dc370945e92cd4499ffe96952b301e9) Importer(815301076,1909f56bfc062723c751e8b465ee728b)
Start importing Assets/Fonts/Roboto Mono/RobotoMono-Italic-VariableFont_wght.ttf using Guid(0dc370945e92cd4499ffe96952b301e9) Importer(815301076,1909f56bfc062723c751e8b465ee728b)  -> (artifact id: '7f34bcb3c37c9d82af8dd9c767d435c8') in 0.138831 seconds 
========================================================================
Received Import Request.
  Time since last request: 5.498876 seconds.
  path: Assets/Fonts/Roboto Mono/static/RobotoMono-SemiBold.ttf
  artifactKey: Guid(3249d46b3d6fc3d42a4594799d17b500) Importer(815301076,1909f56bfc062723c751e8b465ee728b)
Start importing Assets/Fonts/Roboto Mono/static/RobotoMono-SemiBold.ttf using Guid(3249d46b3d6fc3d42a4594799d17b500) Importer(815301076,1909f56bfc062723c751e8b465ee728b)  -> (artifact id: 'd3e759bea516929aa8deb3d97ae182c2') in 0.012466 seconds 
========================================================================
Received Import Request.
  Time since last request: 0.000034 seconds.
  path: Assets/Fonts/Roboto Mono/static/RobotoMono-Thin.ttf
  artifactKey: Guid(490b14d1ee41d384fa68b6f9b5fd5bf3) Importer(815301076,1909f56bfc062723c751e8b465ee728b)
Start importing Assets/Fonts/Roboto Mono/static/RobotoMono-Thin.ttf using Guid(490b14d1ee41d384fa68b6f9b5fd5bf3) Importer(815301076,1909f56bfc062723c751e8b465ee728b)  -> (artifact id: '9a94fa3ef91a90d4739bc39ea4f21056') in 0.012655 seconds 
========================================================================
Received Import Request.
  Time since last request: 1.283856 seconds.
  path: Assets/Fonts/Roboto Mono/static/RobotoMono-MediumItalic.ttf
  artifactKey: Guid(38fc49f312dc3e5439f97b8fc2671d04) Importer(815301076,1909f56bfc062723c751e8b465ee728b)
Start importing Assets/Fonts/Roboto Mono/static/RobotoMono-MediumItalic.ttf using Guid(38fc49f312dc3e5439f97b8fc2671d04) Importer(815301076,1909f56bfc062723c751e8b465ee728b)  -> (artifact id: 'aa249a22f55407027b498e5d9cca264a') in 0.014216 seconds 
========================================================================
Received Import Request.
  Time since last request: 4.510275 seconds.
  path: Assets/Fonts/Roboto Mono/static/RobotoMono-Medium.ttf
  artifactKey: Guid(61f05c5c829ac1b4bb8b9137a03efe2d) Importer(815301076,1909f56bfc062723c751e8b465ee728b)
Start importing Assets/Fonts/Roboto Mono/static/RobotoMono-Medium.ttf using Guid(61f05c5c829ac1b4bb8b9137a03efe2d) Importer(815301076,1909f56bfc062723c751e8b465ee728b)  -> (artifact id: '207986434fa45b750a521d0ed4b9058d') in 0.020278 seconds 
========================================================================
Received Import Request.
  Time since last request: 0.510758 seconds.
  path: Assets/Fonts/Roboto Mono/static/RobotoMono-LightItalic.ttf
  artifactKey: Guid(be9c6d4744410c04ebbcf7e14fb4ff01) Importer(815301076,1909f56bfc062723c751e8b465ee728b)
Start importing Assets/Fonts/Roboto Mono/static/RobotoMono-LightItalic.ttf using Guid(be9c6d4744410c04ebbcf7e14fb4ff01) Importer(815301076,1909f56bfc062723c751e8b465ee728b)  -> (artifact id: 'c57c4128c151576fa8455817d727c1a2') in 0.012081 seconds 
========================================================================
Received Import Request.
  Time since last request: 0.069955 seconds.
  path: Assets/Fonts/Roboto Mono/static/RobotoMono-Italic.ttf
  artifactKey: Guid(29a5e675e3389fb49851110cc4191c30) Importer(815301076,1909f56bfc062723c751e8b465ee728b)
Start importing Assets/Fonts/Roboto Mono/static/RobotoMono-Italic.ttf using Guid(29a5e675e3389fb49851110cc4191c30) Importer(815301076,1909f56bfc062723c751e8b465ee728b)  -> (artifact id: 'e21fccf9c9b32a193aa0f8cdaead6ad8') in 0.015554 seconds 
========================================================================
Received Import Request.
  Time since last request: 0.251747 seconds.
  path: Assets/Fonts/Roboto Mono/static/RobotoMono-Bold.ttf
  artifactKey: Guid(a1acc6ea8c0bd384084fd505f19ed565) Importer(815301076,1909f56bfc062723c751e8b465ee728b)
Start importing Assets/Fonts/Roboto Mono/static/RobotoMono-Bold.ttf using Guid(a1acc6ea8c0bd384084fd505f19ed565) Importer(815301076,1909f56bfc062723c751e8b465ee728b)  -> (artifact id: 'b54a830dc4289fcbd307c6c98fe6985c') in 0.016022 seconds 
========================================================================
Received Import Request.
  Time since last request: 0.000027 seconds.
  path: Assets/Fonts/Roboto Mono/static/RobotoMono-ExtraLight.ttf
  artifactKey: Guid(3092ceb14c44a264aa15e29728ab466b) Importer(815301076,1909f56bfc062723c751e8b465ee728b)
Start importing Assets/Fonts/Roboto Mono/static/RobotoMono-ExtraLight.ttf using Guid(3092ceb14c44a264aa15e29728ab466b) Importer(815301076,1909f56bfc062723c751e8b465ee728b)  -> (artifact id: '9b731797341f96583f9bd2a49bc9603f') in 0.014293 seconds 
